<?xml version="1.0" encoding="UTF-8"?>
<testng-results ignored="0" total="3" passed="3" failed="0" skipped="0">
  <reporter-output>
  </reporter-output>
  <suite started-at="2023-10-07T15:50:57 BDT" name="Default suite" finished-at="2023-10-07T15:50:57 BDT" duration-ms="40">
    <groups>
    </groups>
    <test started-at="2023-10-07T15:50:57 BDT" name="Default test" finished-at="2023-10-07T15:50:57 BDT" duration-ms="40">
      <class name="com.bd.TestNGExamples">
        <test-method is-config="true" signature="beforeSuite()[pri:0, instance:com.bd.TestNGExamples@2794eab6]" started-at="2023-10-07T15:50:57 BDT" name="beforeSuite" finished-at="2023-10-07T15:50:57 BDT" duration-ms="9" status="PASS">
          <reporter-output>
          </reporter-output>
        </test-method> <!-- beforeSuite -->
        <test-method is-config="true" signature="beforetest()[pri:0, instance:com.bd.TestNGExamples@2794eab6]" started-at="2023-10-07T15:50:57 BDT" name="beforetest" finished-at="2023-10-07T15:50:57 BDT" duration-ms="1" status="PASS">
          <reporter-output>
          </reporter-output>
        </test-method> <!-- beforetest -->
        <test-method is-config="true" signature="beforeclass()[pri:0, instance:com.bd.TestNGExamples@2794eab6]" started-at="2023-10-07T15:50:57 BDT" name="beforeclass" finished-at="2023-10-07T15:50:57 BDT" duration-ms="0" status="PASS">
          <reporter-output>
          </reporter-output>
        </test-method> <!-- beforeclass -->
        <test-method is-config="true" signature="beforemethod()[pri:0, instance:com.bd.TestNGExamples@2794eab6]" started-at="2023-10-07T15:50:57 BDT" name="beforemethod" finished-at="2023-10-07T15:50:57 BDT" duration-ms="1" status="PASS">
          <reporter-output>
          </reporter-output>
        </test-method> <!-- beforemethod -->
        <test-method signature="Test1()[pri:0, instance:com.bd.TestNGExamples@2794eab6]" started-at="2023-10-07T15:50:57 BDT" name="Test1" finished-at="2023-10-07T15:50:57 BDT" duration-ms="7" status="PASS">
          <reporter-output>
          </reporter-output>
        </test-method> <!-- Test1 -->
        <test-method is-config="true" signature="aftermethod()[pri:0, instance:com.bd.TestNGExamples@2794eab6]" started-at="2023-10-07T15:50:57 BDT" name="aftermethod" finished-at="2023-10-07T15:50:57 BDT" duration-ms="0" status="PASS">
          <reporter-output>
          </reporter-output>
        </test-method> <!-- aftermethod -->
        <test-method is-config="true" signature="beforemethod()[pri:0, instance:com.bd.TestNGExamples@2794eab6]" started-at="2023-10-07T15:50:57 BDT" name="beforemethod" finished-at="2023-10-07T15:50:57 BDT" duration-ms="0" status="PASS">
          <reporter-output>
          </reporter-output>
        </test-method> <!-- beforemethod -->
        <test-method signature="Test2()[pri:1, instance:com.bd.TestNGExamples@2794eab6]" started-at="2023-10-07T15:50:57 BDT" name="Test2" finished-at="2023-10-07T15:50:57 BDT" duration-ms="1" status="PASS">
          <reporter-output>
          </reporter-output>
        </test-method> <!-- Test2 -->
        <test-method is-config="true" signature="aftermethod()[pri:0, instance:com.bd.TestNGExamples@2794eab6]" started-at="2023-10-07T15:50:57 BDT" name="aftermethod" finished-at="2023-10-07T15:50:57 BDT" duration-ms="1" status="PASS">
          <reporter-output>
          </reporter-output>
        </test-method> <!-- aftermethod -->
        <test-method is-config="true" signature="beforemethod()[pri:0, instance:com.bd.TestNGExamples@2794eab6]" started-at="2023-10-07T15:50:57 BDT" name="beforemethod" finished-at="2023-10-07T15:50:57 BDT" duration-ms="0" status="PASS">
          <reporter-output>
          </reporter-output>
        </test-method> <!-- beforemethod -->
        <test-method signature="Test3()[pri:2, instance:com.bd.TestNGExamples@2794eab6]" started-at="2023-10-07T15:50:57 BDT" name="Test3" finished-at="2023-10-07T15:50:57 BDT" duration-ms="1" status="PASS">
          <reporter-output>
          </reporter-output>
        </test-method> <!-- Test3 -->
        <test-method is-config="true" signature="aftermethod()[pri:0, instance:com.bd.TestNGExamples@2794eab6]" started-at="2023-10-07T15:50:57 BDT" name="aftermethod" finished-at="2023-10-07T15:50:57 BDT" duration-ms="0" status="PASS">
          <reporter-output>
          </reporter-output>
        </test-method> <!-- aftermethod -->
        <test-method is-config="true" signature="afteretest()[pri:0, instance:com.bd.TestNGExamples@2794eab6]" started-at="2023-10-07T15:50:57 BDT" name="afteretest" finished-at="2023-10-07T15:50:57 BDT" duration-ms="1" status="PASS">
          <reporter-output>
          </reporter-output>
        </test-method> <!-- afteretest -->
        <test-method is-config="true" signature="afterclass()[pri:0, instance:com.bd.TestNGExamples@2794eab6]" started-at="2023-10-07T15:50:57 BDT" name="afterclass" finished-at="2023-10-07T15:50:57 BDT" duration-ms="0" status="PASS">
          <reporter-output>
          </reporter-output>
        </test-method> <!-- afterclass -->
        <test-method is-config="true" signature="afterSuite()[pri:0, instance:com.bd.TestNGExamples@2794eab6]" started-at="2023-10-07T15:50:57 BDT" name="afterSuite" finished-at="2023-10-07T15:50:57 BDT" duration-ms="1" status="PASS">
          <reporter-output>
          </reporter-output>
        </test-method> <!-- afterSuite -->
      </class> <!-- com.bd.TestNGExamples -->
    </test> <!-- Default test -->
  </suite> <!-- Default suite -->
</testng-results>
