<?xml version="1.0" encoding="UTF-8"?>
<testng-results ignored="0" total="1" passed="1" failed="0" skipped="0">
  <reporter-output>
  </reporter-output>
  <suite started-at="2023-10-08T12:08:26 BDT" name="Default suite" finished-at="2023-10-08T12:08:51 BDT" duration-ms="24963">
    <groups>
    </groups>
    <test started-at="2023-10-08T12:08:26 BDT" name="Default test" finished-at="2023-10-08T12:08:51 BDT" duration-ms="24963">
      <class name="com.bd.LocatorFinding">
        <test-method is-config="true" signature="startBrowser()[pri:0, instance:com.bd.LocatorFinding@537f60bf]" started-at="2023-10-08T12:08:10 BDT" name="startBrowser" finished-at="2023-10-08T12:08:26 BDT" duration-ms="16166" status="PASS">
          <reporter-output>
          </reporter-output>
        </test-method> <!-- startBrowser -->
        <test-method signature="locatorTest()[pri:0, instance:com.bd.LocatorFinding@537f60bf]" started-at="2023-10-08T12:08:26 BDT" name="locatorTest" finished-at="2023-10-08T12:08:51 BDT" duration-ms="24942" status="PASS">
          <reporter-output>
          </reporter-output>
        </test-method> <!-- locatorTest -->
        <test-method is-config="true" signature="close()[pri:0, instance:com.bd.LocatorFinding@537f60bf]" started-at="2023-10-08T12:08:51 BDT" name="close" finished-at="2023-10-08T12:08:51 BDT" duration-ms="106" status="PASS">
          <reporter-output>
          </reporter-output>
        </test-method> <!-- close -->
      </class> <!-- com.bd.LocatorFinding -->
    </test> <!-- Default test -->
  </suite> <!-- Default suite -->
</testng-results>
